2024-11-24 15:42:07.686  INFO 14024 --- [main] com.example.demo.SareetaApplication      : Starting SareetaApplication on DESKTOP-BRVK5JF with PID 14024 (started by ThanhSang in E:\Udacity\Java Web Developer\Security & Devops\nd035-c4-Security-and-DevOps\starter_code)
2024-11-24 15:42:07.695  INFO 14024 --- [main] com.example.demo.SareetaApplication      : No active profile set, falling back to default profiles: default
2024-11-24 15:42:10.013  INFO 14024 --- [main] .s.d.r.c.RepositoryConfigurationDelegate : Bootstrapping Spring Data repositories in DEFAULT mode.
2024-11-24 15:42:10.235  INFO 14024 --- [main] .s.d.r.c.RepositoryConfigurationDelegate : Finished Spring Data repository scanning in 198ms. Found 4 repository interfaces.
2024-11-24 15:42:12.369  INFO 14024 --- [main] trationDelegate$BeanPostProcessorChecker : Bean 'org.springframework.transaction.annotation.ProxyTransactionManagementConfiguration' of type [org.springframework.transaction.annotation.ProxyTransactionManagementConfiguration$$EnhancerBySpringCGLIB$$df5dc8d3] is not eligible for getting processed by all BeanPostProcessors (for example: not eligible for auto-proxying)
2024-11-24 15:42:14.181  INFO 14024 --- [main] o.s.b.w.embedded.tomcat.TomcatWebServer  : Tomcat initialized with port(s): 8080 (http)
2024-11-24 15:42:14.286  INFO 14024 --- [main] o.apache.catalina.core.StandardService   : Starting service [Tomcat]
2024-11-24 15:42:14.287  INFO 14024 --- [main] org.apache.catalina.core.StandardEngine  : Starting Servlet engine: [Apache Tomcat/9.0.19]
2024-11-24 15:42:15.625  INFO 14024 --- [main] o.a.c.c.C.[Tomcat].[localhost].[/]       : Initializing Spring embedded WebApplicationContext
2024-11-24 15:42:15.626  INFO 14024 --- [main] o.s.web.context.ContextLoader            : Root WebApplicationContext: initialization completed in 7754 ms
2024-11-24 15:42:16.473  INFO 14024 --- [main] com.zaxxer.hikari.HikariDataSource       : HikariPool-1 - Starting...
2024-11-24 15:42:17.188  INFO 14024 --- [main] com.zaxxer.hikari.HikariDataSource       : HikariPool-1 - Start completed.
2024-11-24 15:42:17.449  INFO 14024 --- [main] o.hibernate.jpa.internal.util.LogHelper  : HHH000204: Processing PersistenceUnitInfo [
	name: default
	...]
2024-11-24 15:42:17.768  INFO 14024 --- [main] org.hibernate.Version                    : HHH000412: Hibernate Core {5.3.10.Final}
2024-11-24 15:42:17.783  INFO 14024 --- [main] org.hibernate.cfg.Environment            : HHH000206: hibernate.properties not found
2024-11-24 15:42:18.281  INFO 14024 --- [main] o.hibernate.annotations.common.Version   : HCANN000001: Hibernate Commons Annotations {5.0.4.Final}
2024-11-24 15:42:19.091  INFO 14024 --- [main] org.hibernate.dialect.Dialect            : HHH000400: Using dialect: org.hibernate.dialect.H2Dialect
2024-11-24 15:42:21.372  INFO 14024 --- [main] j.LocalContainerEntityManagerFactoryBean : Initialized JPA EntityManagerFactory for persistence unit 'default'
2024-11-24 15:42:23.449  WARN 14024 --- [main] aWebConfiguration$JpaWebMvcConfiguration : spring.jpa.open-in-view is enabled by default. Therefore, database queries may be performed during view rendering. Explicitly configure spring.jpa.open-in-view to disable this warning
2024-11-24 15:42:23.704  INFO 14024 --- [main] o.s.s.web.DefaultSecurityFilterChain     : Creating filter chain: any request, [org.springframework.security.web.context.request.async.WebAsyncManagerIntegrationFilter@6c8672b9, org.springframework.security.web.context.SecurityContextPersistenceFilter@4eacb6d1, org.springframework.security.web.header.HeaderWriterFilter@476a2819, org.springframework.web.filter.CorsFilter@dd77e0d, org.springframework.security.web.authentication.logout.LogoutFilter@49bc71b4, com.example.demo.security.JWTAuthenticationFilter@799cf32d, com.example.demo.security.JWTAuthenticationVerficationFilter@331ad6eb, org.springframework.security.web.savedrequest.RequestCacheAwareFilter@a926db4, org.springframework.security.web.servletapi.SecurityContextHolderAwareRequestFilter@22cb8e5f, org.springframework.security.web.authentication.AnonymousAuthenticationFilter@6cd6698b, org.springframework.security.web.session.SessionManagementFilter@571c2ed8, org.springframework.security.web.access.ExceptionTranslationFilter@11e3d08, org.springframework.security.web.access.intercept.FilterSecurityInterceptor@6b576ff8]
2024-11-24 15:42:24.074  INFO 14024 --- [main] o.s.s.concurrent.ThreadPoolTaskExecutor  : Initializing ExecutorService 'applicationTaskExecutor'
2024-11-24 15:42:24.777  INFO 14024 --- [main] o.s.b.w.embedded.tomcat.TomcatWebServer  : Tomcat started on port(s): 8080 (http) with context path ''
2024-11-24 15:42:24.783  INFO 14024 --- [main] com.example.demo.SareetaApplication      : Started SareetaApplication in 18.224 seconds (JVM running for 19.687)
2024-11-24 15:46:43.985  INFO 14024 --- [http-nio-8080-exec-2] o.a.c.c.C.[Tomcat].[localhost].[/]       : Initializing Spring DispatcherServlet 'dispatcherServlet'
2024-11-24 15:46:43.989  INFO 14024 --- [http-nio-8080-exec-2] o.s.web.servlet.DispatcherServlet        : Initializing Servlet 'dispatcherServlet'
2024-11-24 15:46:44.013  INFO 14024 --- [http-nio-8080-exec-2] o.s.web.servlet.DispatcherServlet        : Completed initialization in 24 ms
2024-11-24 15:46:45.213  INFO 14024 --- [http-nio-8080-exec-2] c.e.demo.controllers.UserController      : CREATE USER - SUCCESS for user : user1
2024-11-24 15:46:50.255  INFO 14024 --- [http-nio-8080-exec-3] c.e.demo.controllers.UserController      : CREATE USER - SUCCESS for user : user2
2024-11-24 15:47:00.568  INFO 14024 --- [http-nio-8080-exec-4] c.e.demo.controllers.UserController      : CREATE USER - SUCCESS for user : user3
2024-11-24 15:47:04.482  INFO 14024 --- [http-nio-8080-exec-5] c.e.demo.controllers.UserController      : CREATE USER - SUCCESS for user : user4
2024-11-24 15:47:08.638  INFO 14024 --- [http-nio-8080-exec-6] c.e.demo.controllers.UserController      : CREATE USER - SUCCESS for user : user5
2024-11-24 15:47:14.784  INFO 14024 --- [http-nio-8080-exec-7] c.e.demo.controllers.UserController      : CREATE USER - SUCCESS for user : user6
2024-11-24 15:47:18.752  INFO 14024 --- [http-nio-8080-exec-8] c.e.demo.controllers.UserController      : CREATE USER - SUCCESS for user : user7
2024-11-24 15:47:22.897  INFO 14024 --- [http-nio-8080-exec-9] c.e.demo.controllers.UserController      : CREATE USER - SUCCESS for user : user8
2024-11-24 15:47:27.063  INFO 14024 --- [http-nio-8080-exec-10] c.e.demo.controllers.UserController      : CREATE USER - SUCCESS for user : user9
2024-11-24 15:47:31.964  INFO 14024 --- [http-nio-8080-exec-1] c.e.demo.controllers.UserController      : CREATE USER - SUCCESS for user : user10
2024-11-24 15:47:38.314 ERROR 14024 --- [http-nio-8080-exec-2] c.e.demo.controllers.UserController      : CREATE USER - FAIL for user : user11
2024-11-24 15:47:48.384 ERROR 14024 --- [http-nio-8080-exec-4] c.e.demo.controllers.UserController      : CREATE USER - FAIL for user : user11
2024-11-24 15:47:51.482 ERROR 14024 --- [http-nio-8080-exec-6] c.e.demo.controllers.UserController      : CREATE USER - FAIL for user : user11
2024-11-24 15:48:03.742 ERROR 14024 --- [http-nio-8080-exec-8] c.e.demo.controllers.UserController      : CREATE USER - FAIL for user : user11
2024-11-24 15:48:13.792 ERROR 14024 --- [http-nio-8080-exec-10] c.e.demo.controllers.UserController      : CREATE USER - FAIL for user : user11
2024-11-24 19:17:51.706  WARN 14024 --- [HikariPool-1 housekeeper] com.zaxxer.hikari.pool.HikariPool        : HikariPool-1 - Thread starvation or clock leap detected (housekeeper delta=25m30s191ms507µs300ns).
2024-11-24 20:45:45.033  WARN 14024 --- [HikariPool-1 housekeeper] com.zaxxer.hikari.pool.HikariPool        : HikariPool-1 - Thread starvation or clock leap detected (housekeeper delta=39m22s471ms555µs200ns).
2024-11-24 22:38:46.928  INFO 5496 --- [main] c.e.d.controllers.OrderControllerTest    : Starting OrderControllerTest on DESKTOP-BRVK5JF with PID 5496 (started by ThanhSang in E:\Udacity\Java Web Developer\Security & Devops\nd035-c4-Security-and-DevOps\starter_code)
2024-11-24 22:38:46.932  INFO 5496 --- [main] c.e.d.controllers.OrderControllerTest    : No active profile set, falling back to default profiles: default
2024-11-24 22:38:49.682  INFO 5496 --- [main] .s.d.r.c.RepositoryConfigurationDelegate : Bootstrapping Spring Data repositories in DEFAULT mode.
2024-11-24 22:38:49.996  INFO 5496 --- [main] .s.d.r.c.RepositoryConfigurationDelegate : Finished Spring Data repository scanning in 279ms. Found 4 repository interfaces.
2024-11-24 22:38:54.202  INFO 5496 --- [main] trationDelegate$BeanPostProcessorChecker : Bean 'org.springframework.transaction.annotation.ProxyTransactionManagementConfiguration' of type [org.springframework.transaction.annotation.ProxyTransactionManagementConfiguration$$EnhancerBySpringCGLIB$$a18fb1f3] is not eligible for getting processed by all BeanPostProcessors (for example: not eligible for auto-proxying)
2024-11-24 22:38:55.059  INFO 5496 --- [main] com.zaxxer.hikari.HikariDataSource       : HikariPool-1 - Starting...
2024-11-24 22:38:55.641  INFO 5496 --- [main] com.zaxxer.hikari.HikariDataSource       : HikariPool-1 - Start completed.
2024-11-24 22:38:56.002  INFO 5496 --- [main] o.hibernate.jpa.internal.util.LogHelper  : HHH000204: Processing PersistenceUnitInfo [
	name: default
	...]
2024-11-24 22:38:56.348  INFO 5496 --- [main] org.hibernate.Version                    : HHH000412: Hibernate Core {5.3.10.Final}
2024-11-24 22:38:56.351  INFO 5496 --- [main] org.hibernate.cfg.Environment            : HHH000206: hibernate.properties not found
2024-11-24 22:38:56.542  INFO 5496 --- [main] o.hibernate.annotations.common.Version   : HCANN000001: Hibernate Commons Annotations {5.0.4.Final}
2024-11-24 22:38:58.223  INFO 5496 --- [main] org.hibernate.dialect.Dialect            : HHH000400: Using dialect: org.hibernate.dialect.H2Dialect
2024-11-24 22:39:00.592  INFO 5496 --- [main] j.LocalContainerEntityManagerFactoryBean : Initialized JPA EntityManagerFactory for persistence unit 'default'
2024-11-24 22:39:03.748  WARN 5496 --- [main] aWebConfiguration$JpaWebMvcConfiguration : spring.jpa.open-in-view is enabled by default. Therefore, database queries may be performed during view rendering. Explicitly configure spring.jpa.open-in-view to disable this warning
2024-11-24 22:39:04.678  INFO 5496 --- [main] o.s.s.web.DefaultSecurityFilterChain     : Creating filter chain: any request, [org.springframework.security.web.context.request.async.WebAsyncManagerIntegrationFilter@2dcbf825, org.springframework.security.web.context.SecurityContextPersistenceFilter@4c0bfe9e, org.springframework.security.web.header.HeaderWriterFilter@77988c45, org.springframework.web.filter.CorsFilter@3516f436, org.springframework.security.web.authentication.logout.LogoutFilter@64186f60, com.example.demo.security.JWTAuthenticationFilter@59c00010, com.example.demo.security.JWTAuthenticationVerficationFilter@244268a8, org.springframework.security.web.savedrequest.RequestCacheAwareFilter@276aa33f, org.springframework.security.web.servletapi.SecurityContextHolderAwareRequestFilter@1c14d24d, org.springframework.security.web.authentication.AnonymousAuthenticationFilter@563ab6d5, org.springframework.security.web.session.SessionManagementFilter@6baee63b, org.springframework.security.web.access.ExceptionTranslationFilter@5f4f6f89, org.springframework.security.web.access.intercept.FilterSecurityInterceptor@20e3b165]
2024-11-24 22:39:07.522  INFO 5496 --- [main] o.s.s.concurrent.ThreadPoolTaskExecutor  : Initializing ExecutorService 'applicationTaskExecutor'
2024-11-24 22:39:09.634  INFO 5496 --- [main] o.s.b.t.m.w.SpringBootMockServletContext : Initializing Spring TestDispatcherServlet ''
2024-11-24 22:39:09.637  INFO 5496 --- [main] o.s.t.web.servlet.TestDispatcherServlet  : Initializing Servlet ''
2024-11-24 22:39:09.688  INFO 5496 --- [main] o.s.t.web.servlet.TestDispatcherServlet  : Completed initialization in 50 ms
2024-11-24 22:39:09.847  INFO 5496 --- [main] c.e.d.controllers.OrderControllerTest    : Started OrderControllerTest in 24.682 seconds (JVM running for 29.699)
2024-11-24 22:39:10.201  INFO 5496 --- [Thread-3] o.s.s.concurrent.ThreadPoolTaskExecutor  : Shutting down ExecutorService 'applicationTaskExecutor'
2024-11-24 22:39:10.203  INFO 5496 --- [Thread-3] j.LocalContainerEntityManagerFactoryBean : Closing JPA EntityManagerFactory for persistence unit 'default'
2024-11-24 22:39:10.207  INFO 5496 --- [Thread-3] com.zaxxer.hikari.HikariDataSource       : HikariPool-1 - Shutdown initiated...
2024-11-24 22:39:10.243  INFO 5496 --- [Thread-3] com.zaxxer.hikari.HikariDataSource       : HikariPool-1 - Shutdown completed.
2024-11-24 22:39:36.114  INFO 11788 --- [main] c.e.d.controllers.OrderControllerTest    : Starting OrderControllerTest on DESKTOP-BRVK5JF with PID 11788 (started by ThanhSang in E:\Udacity\Java Web Developer\Security & Devops\nd035-c4-Security-and-DevOps\starter_code)
2024-11-24 22:39:36.121  INFO 11788 --- [main] c.e.d.controllers.OrderControllerTest    : No active profile set, falling back to default profiles: default
2024-11-24 22:39:38.371  INFO 11788 --- [main] .s.d.r.c.RepositoryConfigurationDelegate : Bootstrapping Spring Data repositories in DEFAULT mode.
2024-11-24 22:39:38.582  INFO 11788 --- [main] .s.d.r.c.RepositoryConfigurationDelegate : Finished Spring Data repository scanning in 185ms. Found 4 repository interfaces.
2024-11-24 22:39:42.507  INFO 11788 --- [main] trationDelegate$BeanPostProcessorChecker : Bean 'org.springframework.transaction.annotation.ProxyTransactionManagementConfiguration' of type [org.springframework.transaction.annotation.ProxyTransactionManagementConfiguration$$EnhancerBySpringCGLIB$$86118c5a] is not eligible for getting processed by all BeanPostProcessors (for example: not eligible for auto-proxying)
2024-11-24 22:39:43.461  INFO 11788 --- [main] com.zaxxer.hikari.HikariDataSource       : HikariPool-1 - Starting...
2024-11-24 22:39:44.082  INFO 11788 --- [main] com.zaxxer.hikari.HikariDataSource       : HikariPool-1 - Start completed.
2024-11-24 22:39:44.419  INFO 11788 --- [main] o.hibernate.jpa.internal.util.LogHelper  : HHH000204: Processing PersistenceUnitInfo [
	name: default
	...]
2024-11-24 22:39:44.688  INFO 11788 --- [main] org.hibernate.Version                    : HHH000412: Hibernate Core {5.3.10.Final}
2024-11-24 22:39:44.692  INFO 11788 --- [main] org.hibernate.cfg.Environment            : HHH000206: hibernate.properties not found
2024-11-24 22:39:44.952  INFO 11788 --- [main] o.hibernate.annotations.common.Version   : HCANN000001: Hibernate Commons Annotations {5.0.4.Final}
2024-11-24 22:39:45.907  INFO 11788 --- [main] org.hibernate.dialect.Dialect            : HHH000400: Using dialect: org.hibernate.dialect.H2Dialect
2024-11-24 22:39:48.301  INFO 11788 --- [main] j.LocalContainerEntityManagerFactoryBean : Initialized JPA EntityManagerFactory for persistence unit 'default'
2024-11-24 22:39:50.691  WARN 11788 --- [main] aWebConfiguration$JpaWebMvcConfiguration : spring.jpa.open-in-view is enabled by default. Therefore, database queries may be performed during view rendering. Explicitly configure spring.jpa.open-in-view to disable this warning
2024-11-24 22:39:51.103  INFO 11788 --- [main] o.s.s.web.DefaultSecurityFilterChain     : Creating filter chain: any request, [org.springframework.security.web.context.request.async.WebAsyncManagerIntegrationFilter@7957aa57, org.springframework.security.web.context.SecurityContextPersistenceFilter@32ddcca, org.springframework.security.web.header.HeaderWriterFilter@71b7e9c8, org.springframework.web.filter.CorsFilter@7b92ea9d, org.springframework.security.web.authentication.logout.LogoutFilter@677c2820, com.example.demo.security.JWTAuthenticationFilter@6b3bc1f6, com.example.demo.security.JWTAuthenticationVerficationFilter@7491cdae, org.springframework.security.web.savedrequest.RequestCacheAwareFilter@1e288c76, org.springframework.security.web.servletapi.SecurityContextHolderAwareRequestFilter@ef220e4, org.springframework.security.web.authentication.AnonymousAuthenticationFilter@3050d479, org.springframework.security.web.session.SessionManagementFilter@2ef1fc8a, org.springframework.security.web.access.ExceptionTranslationFilter@71de1091, org.springframework.security.web.access.intercept.FilterSecurityInterceptor@6e1d9b32]
2024-11-24 22:39:52.624  INFO 11788 --- [main] o.s.s.concurrent.ThreadPoolTaskExecutor  : Initializing ExecutorService 'applicationTaskExecutor'
2024-11-24 22:39:53.516  INFO 11788 --- [main] o.s.b.t.m.w.SpringBootMockServletContext : Initializing Spring TestDispatcherServlet ''
2024-11-24 22:39:53.518  INFO 11788 --- [main] o.s.t.web.servlet.TestDispatcherServlet  : Initializing Servlet ''
2024-11-24 22:39:53.552  INFO 11788 --- [main] o.s.t.web.servlet.TestDispatcherServlet  : Completed initialization in 33 ms
2024-11-24 22:39:53.614  INFO 11788 --- [main] c.e.d.controllers.OrderControllerTest    : Started OrderControllerTest in 18.481 seconds (JVM running for 21.02)
2024-11-24 22:39:53.803  INFO 11788 --- [Thread-3] o.s.s.concurrent.ThreadPoolTaskExecutor  : Shutting down ExecutorService 'applicationTaskExecutor'
2024-11-24 22:39:53.810  INFO 11788 --- [Thread-3] j.LocalContainerEntityManagerFactoryBean : Closing JPA EntityManagerFactory for persistence unit 'default'
2024-11-24 22:39:53.819  INFO 11788 --- [Thread-3] com.zaxxer.hikari.HikariDataSource       : HikariPool-1 - Shutdown initiated...
2024-11-24 22:39:53.838  INFO 11788 --- [Thread-3] com.zaxxer.hikari.HikariDataSource       : HikariPool-1 - Shutdown completed.
2024-11-24 22:44:03.988  INFO 8268 --- [main] c.e.d.controllers.OrderControllerTest    : Starting OrderControllerTest on DESKTOP-BRVK5JF with PID 8268 (started by ThanhSang in E:\Udacity\Java Web Developer\Security & Devops\nd035-c4-Security-and-DevOps\starter_code)
2024-11-24 22:44:03.992  INFO 8268 --- [main] c.e.d.controllers.OrderControllerTest    : No active profile set, falling back to default profiles: default
2024-11-24 22:44:06.464  INFO 8268 --- [main] .s.d.r.c.RepositoryConfigurationDelegate : Bootstrapping Spring Data repositories in DEFAULT mode.
2024-11-24 22:44:06.825  INFO 8268 --- [main] .s.d.r.c.RepositoryConfigurationDelegate : Finished Spring Data repository scanning in 321ms. Found 4 repository interfaces.
2024-11-24 22:44:10.235  INFO 8268 --- [main] trationDelegate$BeanPostProcessorChecker : Bean 'org.springframework.transaction.annotation.ProxyTransactionManagementConfiguration' of type [org.springframework.transaction.annotation.ProxyTransactionManagementConfiguration$$EnhancerBySpringCGLIB$$5a8bfcec] is not eligible for getting processed by all BeanPostProcessors (for example: not eligible for auto-proxying)
2024-11-24 22:44:11.254  INFO 8268 --- [main] com.zaxxer.hikari.HikariDataSource       : HikariPool-1 - Starting...
2024-11-24 22:44:11.904  INFO 8268 --- [main] com.zaxxer.hikari.HikariDataSource       : HikariPool-1 - Start completed.
2024-11-24 22:44:12.296  INFO 8268 --- [main] o.hibernate.jpa.internal.util.LogHelper  : HHH000204: Processing PersistenceUnitInfo [
	name: default
	...]
2024-11-24 22:44:12.579  INFO 8268 --- [main] org.hibernate.Version                    : HHH000412: Hibernate Core {5.3.10.Final}
2024-11-24 22:44:12.583  INFO 8268 --- [main] org.hibernate.cfg.Environment            : HHH000206: hibernate.properties not found
2024-11-24 22:44:12.778  INFO 8268 --- [main] o.hibernate.annotations.common.Version   : HCANN000001: Hibernate Commons Annotations {5.0.4.Final}
2024-11-24 22:44:14.078  INFO 8268 --- [main] org.hibernate.dialect.Dialect            : HHH000400: Using dialect: org.hibernate.dialect.H2Dialect
2024-11-24 22:44:16.807  INFO 8268 --- [main] j.LocalContainerEntityManagerFactoryBean : Initialized JPA EntityManagerFactory for persistence unit 'default'
2024-11-24 22:44:19.818  WARN 8268 --- [main] aWebConfiguration$JpaWebMvcConfiguration : spring.jpa.open-in-view is enabled by default. Therefore, database queries may be performed during view rendering. Explicitly configure spring.jpa.open-in-view to disable this warning
2024-11-24 22:44:20.408  INFO 8268 --- [main] o.s.s.web.DefaultSecurityFilterChain     : Creating filter chain: any request, [org.springframework.security.web.context.request.async.WebAsyncManagerIntegrationFilter@7957aa57, org.springframework.security.web.context.SecurityContextPersistenceFilter@32ddcca, org.springframework.security.web.header.HeaderWriterFilter@71b7e9c8, org.springframework.web.filter.CorsFilter@7b92ea9d, org.springframework.security.web.authentication.logout.LogoutFilter@677c2820, com.example.demo.security.JWTAuthenticationFilter@6b3bc1f6, com.example.demo.security.JWTAuthenticationVerficationFilter@7491cdae, org.springframework.security.web.savedrequest.RequestCacheAwareFilter@1e288c76, org.springframework.security.web.servletapi.SecurityContextHolderAwareRequestFilter@ef220e4, org.springframework.security.web.authentication.AnonymousAuthenticationFilter@3050d479, org.springframework.security.web.session.SessionManagementFilter@2ef1fc8a, org.springframework.security.web.access.ExceptionTranslationFilter@71de1091, org.springframework.security.web.access.intercept.FilterSecurityInterceptor@6e1d9b32]
2024-11-24 22:44:21.775  INFO 8268 --- [main] o.s.s.concurrent.ThreadPoolTaskExecutor  : Initializing ExecutorService 'applicationTaskExecutor'
2024-11-24 22:44:22.706  INFO 8268 --- [main] o.s.b.t.m.w.SpringBootMockServletContext : Initializing Spring TestDispatcherServlet ''
2024-11-24 22:44:22.706  INFO 8268 --- [main] o.s.t.web.servlet.TestDispatcherServlet  : Initializing Servlet ''
2024-11-24 22:44:22.738  INFO 8268 --- [main] o.s.t.web.servlet.TestDispatcherServlet  : Completed initialization in 31 ms
2024-11-24 22:44:22.818  INFO 8268 --- [main] c.e.d.controllers.OrderControllerTest    : Started OrderControllerTest in 19.894 seconds (JVM running for 27.567)
2024-11-24 22:44:22.973  INFO 8268 --- [Thread-3] o.s.s.concurrent.ThreadPoolTaskExecutor  : Shutting down ExecutorService 'applicationTaskExecutor'
2024-11-24 22:44:22.976  INFO 8268 --- [Thread-3] j.LocalContainerEntityManagerFactoryBean : Closing JPA EntityManagerFactory for persistence unit 'default'
2024-11-24 22:44:22.980  INFO 8268 --- [Thread-3] com.zaxxer.hikari.HikariDataSource       : HikariPool-1 - Shutdown initiated...
2024-11-24 22:44:23.093  INFO 8268 --- [Thread-3] com.zaxxer.hikari.HikariDataSource       : HikariPool-1 - Shutdown completed.
2024-11-24 22:53:33.891  INFO 14788 --- [main] c.e.d.controllers.OrderControllerTest    : Starting OrderControllerTest on DESKTOP-BRVK5JF with PID 14788 (started by ThanhSang in E:\Udacity\Java Web Developer\Security & Devops\nd035-c4-Security-and-DevOps\starter_code)
2024-11-24 22:53:33.893  INFO 14788 --- [main] c.e.d.controllers.OrderControllerTest    : No active profile set, falling back to default profiles: default
2024-11-24 22:53:35.766  INFO 14788 --- [main] .s.d.r.c.RepositoryConfigurationDelegate : Bootstrapping Spring Data repositories in DEFAULT mode.
2024-11-24 22:53:36.006  INFO 14788 --- [main] .s.d.r.c.RepositoryConfigurationDelegate : Finished Spring Data repository scanning in 201ms. Found 4 repository interfaces.
2024-11-24 22:53:38.786  INFO 14788 --- [main] trationDelegate$BeanPostProcessorChecker : Bean 'org.springframework.transaction.annotation.ProxyTransactionManagementConfiguration' of type [org.springframework.transaction.annotation.ProxyTransactionManagementConfiguration$$EnhancerBySpringCGLIB$$86118c5a] is not eligible for getting processed by all BeanPostProcessors (for example: not eligible for auto-proxying)
2024-11-24 22:53:39.374  INFO 14788 --- [main] com.zaxxer.hikari.HikariDataSource       : HikariPool-1 - Starting...
2024-11-24 22:53:39.857  INFO 14788 --- [main] com.zaxxer.hikari.HikariDataSource       : HikariPool-1 - Start completed.
2024-11-24 22:53:40.118  INFO 14788 --- [main] o.hibernate.jpa.internal.util.LogHelper  : HHH000204: Processing PersistenceUnitInfo [
	name: default
	...]
2024-11-24 22:53:40.322  INFO 14788 --- [main] org.hibernate.Version                    : HHH000412: Hibernate Core {5.3.10.Final}
2024-11-24 22:53:40.326  INFO 14788 --- [main] org.hibernate.cfg.Environment            : HHH000206: hibernate.properties not found
2024-11-24 22:53:40.456  INFO 14788 --- [main] o.hibernate.annotations.common.Version   : HCANN000001: Hibernate Commons Annotations {5.0.4.Final}
2024-11-24 22:53:41.772  INFO 14788 --- [main] org.hibernate.dialect.Dialect            : HHH000400: Using dialect: org.hibernate.dialect.H2Dialect
2024-11-24 22:53:44.252  INFO 14788 --- [main] j.LocalContainerEntityManagerFactoryBean : Initialized JPA EntityManagerFactory for persistence unit 'default'
2024-11-24 22:53:47.691  WARN 14788 --- [main] aWebConfiguration$JpaWebMvcConfiguration : spring.jpa.open-in-view is enabled by default. Therefore, database queries may be performed during view rendering. Explicitly configure spring.jpa.open-in-view to disable this warning
2024-11-24 22:53:48.412  INFO 14788 --- [main] o.s.s.web.DefaultSecurityFilterChain     : Creating filter chain: any request, [org.springframework.security.web.context.request.async.WebAsyncManagerIntegrationFilter@6b3bc1f6, org.springframework.security.web.context.SecurityContextPersistenceFilter@32ddcca, org.springframework.security.web.header.HeaderWriterFilter@71b7e9c8, org.springframework.web.filter.CorsFilter@7491cdae, org.springframework.security.web.authentication.logout.LogoutFilter@677c2820, com.example.demo.security.JWTAuthenticationFilter@3050d479, com.example.demo.security.JWTAuthenticationVerficationFilter@5c7a06ec, org.springframework.security.web.savedrequest.RequestCacheAwareFilter@1e288c76, org.springframework.security.web.servletapi.SecurityContextHolderAwareRequestFilter@ef220e4, org.springframework.security.web.authentication.AnonymousAuthenticationFilter@697b48e4, org.springframework.security.web.session.SessionManagementFilter@2ef1fc8a, org.springframework.security.web.access.ExceptionTranslationFilter@71de1091, org.springframework.security.web.access.intercept.FilterSecurityInterceptor@10728fe8]
2024-11-24 22:53:50.595  INFO 14788 --- [main] o.s.s.concurrent.ThreadPoolTaskExecutor  : Initializing ExecutorService 'applicationTaskExecutor'
2024-11-24 22:53:51.936  INFO 14788 --- [main] o.s.b.t.m.w.SpringBootMockServletContext : Initializing Spring TestDispatcherServlet ''
2024-11-24 22:53:51.938  INFO 14788 --- [main] o.s.t.web.servlet.TestDispatcherServlet  : Initializing Servlet ''
2024-11-24 22:53:51.999  INFO 14788 --- [main] o.s.t.web.servlet.TestDispatcherServlet  : Completed initialization in 26 ms
2024-11-24 22:53:52.120  INFO 14788 --- [main] c.e.d.controllers.OrderControllerTest    : Started OrderControllerTest in 19.127 seconds (JVM running for 21.758)
2024-11-24 22:53:52.726  INFO 14788 --- [Thread-3] o.s.s.concurrent.ThreadPoolTaskExecutor  : Shutting down ExecutorService 'applicationTaskExecutor'
2024-11-24 22:53:52.730  INFO 14788 --- [Thread-3] j.LocalContainerEntityManagerFactoryBean : Closing JPA EntityManagerFactory for persistence unit 'default'
2024-11-24 22:53:52.736  INFO 14788 --- [Thread-3] com.zaxxer.hikari.HikariDataSource       : HikariPool-1 - Shutdown initiated...
2024-11-24 22:53:52.841  INFO 14788 --- [Thread-3] com.zaxxer.hikari.HikariDataSource       : HikariPool-1 - Shutdown completed.
2024-11-24 22:55:30.199  INFO 15628 --- [main] c.e.d.controllers.OrderControllerTest    : Starting OrderControllerTest on DESKTOP-BRVK5JF with PID 15628 (started by ThanhSang in E:\Udacity\Java Web Developer\Security & Devops\nd035-c4-Security-and-DevOps\starter_code)
2024-11-24 22:55:30.209  INFO 15628 --- [main] c.e.d.controllers.OrderControllerTest    : No active profile set, falling back to default profiles: default
2024-11-24 22:55:33.861  INFO 15628 --- [main] .s.d.r.c.RepositoryConfigurationDelegate : Bootstrapping Spring Data repositories in DEFAULT mode.
2024-11-24 22:55:34.173  INFO 15628 --- [main] .s.d.r.c.RepositoryConfigurationDelegate : Finished Spring Data repository scanning in 275ms. Found 4 repository interfaces.
2024-11-24 22:55:39.467  INFO 15628 --- [main] trationDelegate$BeanPostProcessorChecker : Bean 'org.springframework.transaction.annotation.ProxyTransactionManagementConfiguration' of type [org.springframework.transaction.annotation.ProxyTransactionManagementConfiguration$$EnhancerBySpringCGLIB$$cec7167c] is not eligible for getting processed by all BeanPostProcessors (for example: not eligible for auto-proxying)
2024-11-24 22:55:40.546  INFO 15628 --- [main] com.zaxxer.hikari.HikariDataSource       : HikariPool-1 - Starting...
2024-11-24 22:55:41.386  INFO 15628 --- [main] com.zaxxer.hikari.HikariDataSource       : HikariPool-1 - Start completed.
2024-11-24 22:55:41.870  INFO 15628 --- [main] o.hibernate.jpa.internal.util.LogHelper  : HHH000204: Processing PersistenceUnitInfo [
	name: default
	...]
2024-11-24 22:55:42.254  INFO 15628 --- [main] org.hibernate.Version                    : HHH000412: Hibernate Core {5.3.10.Final}
2024-11-24 22:55:42.259  INFO 15628 --- [main] org.hibernate.cfg.Environment            : HHH000206: hibernate.properties not found
2024-11-24 22:55:42.546  INFO 15628 --- [main] o.hibernate.annotations.common.Version   : HCANN000001: Hibernate Commons Annotations {5.0.4.Final}
2024-11-24 22:55:43.416  INFO 15628 --- [main] org.hibernate.dialect.Dialect            : HHH000400: Using dialect: org.hibernate.dialect.H2Dialect
2024-11-24 22:55:45.793  INFO 15628 --- [main] j.LocalContainerEntityManagerFactoryBean : Initialized JPA EntityManagerFactory for persistence unit 'default'
2024-11-24 22:55:49.832  WARN 15628 --- [main] aWebConfiguration$JpaWebMvcConfiguration : spring.jpa.open-in-view is enabled by default. Therefore, database queries may be performed during view rendering. Explicitly configure spring.jpa.open-in-view to disable this warning
2024-11-24 22:55:50.570  INFO 15628 --- [main] o.s.s.web.DefaultSecurityFilterChain     : Creating filter chain: any request, [org.springframework.security.web.context.request.async.WebAsyncManagerIntegrationFilter@662d3e85, org.springframework.security.web.context.SecurityContextPersistenceFilter@2648aa1b, org.springframework.security.web.header.HeaderWriterFilter@230d013b, org.springframework.web.filter.CorsFilter@5598dff2, org.springframework.security.web.authentication.logout.LogoutFilter@70cac22a, com.example.demo.security.JWTAuthenticationFilter@92b1bda, com.example.demo.security.JWTAuthenticationVerficationFilter@57bfca3a, org.springframework.security.web.savedrequest.RequestCacheAwareFilter@4f55a864, org.springframework.security.web.servletapi.SecurityContextHolderAwareRequestFilter@5759edff, org.springframework.security.web.authentication.AnonymousAuthenticationFilter@58690f5e, org.springframework.security.web.session.SessionManagementFilter@5d84b088, org.springframework.security.web.access.ExceptionTranslationFilter@3d2b13f, org.springframework.security.web.access.intercept.FilterSecurityInterceptor@3d99d327]
2024-11-24 22:55:52.613  INFO 15628 --- [main] o.s.s.concurrent.ThreadPoolTaskExecutor  : Initializing ExecutorService 'applicationTaskExecutor'
2024-11-24 22:55:53.909  INFO 15628 --- [main] o.s.b.t.m.w.SpringBootMockServletContext : Initializing Spring TestDispatcherServlet ''
2024-11-24 22:55:53.914  INFO 15628 --- [main] o.s.t.web.servlet.TestDispatcherServlet  : Initializing Servlet ''
2024-11-24 22:55:53.972  INFO 15628 --- [main] o.s.t.web.servlet.TestDispatcherServlet  : Completed initialization in 47 ms
2024-11-24 22:55:54.060  INFO 15628 --- [main] c.e.d.controllers.OrderControllerTest    : Started OrderControllerTest in 26.546 seconds (JVM running for 33.277)
2024-11-24 22:56:32.428  WARN 15628 --- [HikariPool-1 housekeeper] com.zaxxer.hikari.pool.HikariPool        : HikariPool-1 - Thread starvation or clock leap detected (housekeeper delta=50s908ms122µs900ns).
2024-11-24 22:56:32.542  INFO 15628 --- [Thread-3] o.s.s.concurrent.ThreadPoolTaskExecutor  : Shutting down ExecutorService 'applicationTaskExecutor'
2024-11-24 22:56:32.546  INFO 15628 --- [Thread-3] j.LocalContainerEntityManagerFactoryBean : Closing JPA EntityManagerFactory for persistence unit 'default'
2024-11-24 22:56:32.553  INFO 15628 --- [Thread-3] com.zaxxer.hikari.HikariDataSource       : HikariPool-1 - Shutdown initiated...
2024-11-24 22:56:32.583  INFO 15628 --- [Thread-3] com.zaxxer.hikari.HikariDataSource       : HikariPool-1 - Shutdown completed.
2024-11-24 22:56:51.130  INFO 3036 --- [main] c.e.d.controllers.OrderControllerTest    : Starting OrderControllerTest on DESKTOP-BRVK5JF with PID 3036 (started by ThanhSang in E:\Udacity\Java Web Developer\Security & Devops\nd035-c4-Security-and-DevOps\starter_code)
2024-11-24 22:56:51.134  INFO 3036 --- [main] c.e.d.controllers.OrderControllerTest    : No active profile set, falling back to default profiles: default
2024-11-24 22:56:52.915  INFO 3036 --- [main] .s.d.r.c.RepositoryConfigurationDelegate : Bootstrapping Spring Data repositories in DEFAULT mode.
2024-11-24 22:56:53.147  INFO 3036 --- [main] .s.d.r.c.RepositoryConfigurationDelegate : Finished Spring Data repository scanning in 205ms. Found 4 repository interfaces.
2024-11-24 22:56:56.425  INFO 3036 --- [main] trationDelegate$BeanPostProcessorChecker : Bean 'org.springframework.transaction.annotation.ProxyTransactionManagementConfiguration' of type [org.springframework.transaction.annotation.ProxyTransactionManagementConfiguration$$EnhancerBySpringCGLIB$$9cd7a1c6] is not eligible for getting processed by all BeanPostProcessors (for example: not eligible for auto-proxying)
2024-11-24 22:56:57.644  INFO 3036 --- [main] com.zaxxer.hikari.HikariDataSource       : HikariPool-1 - Starting...
2024-11-24 22:56:58.521  INFO 3036 --- [main] com.zaxxer.hikari.HikariDataSource       : HikariPool-1 - Start completed.
2024-11-24 22:56:58.915  INFO 3036 --- [main] o.hibernate.jpa.internal.util.LogHelper  : HHH000204: Processing PersistenceUnitInfo [
	name: default
	...]
2024-11-24 22:56:59.203  INFO 3036 --- [main] org.hibernate.Version                    : HHH000412: Hibernate Core {5.3.10.Final}
2024-11-24 22:56:59.207  INFO 3036 --- [main] org.hibernate.cfg.Environment            : HHH000206: hibernate.properties not found
2024-11-24 22:56:59.482  INFO 3036 --- [main] o.hibernate.annotations.common.Version   : HCANN000001: Hibernate Commons Annotations {5.0.4.Final}
2024-11-24 22:57:00.578  INFO 3036 --- [main] org.hibernate.dialect.Dialect            : HHH000400: Using dialect: org.hibernate.dialect.H2Dialect
2024-11-24 22:57:03.180  INFO 3036 --- [main] j.LocalContainerEntityManagerFactoryBean : Initialized JPA EntityManagerFactory for persistence unit 'default'
2024-11-24 22:57:07.305  WARN 3036 --- [main] aWebConfiguration$JpaWebMvcConfiguration : spring.jpa.open-in-view is enabled by default. Therefore, database queries may be performed during view rendering. Explicitly configure spring.jpa.open-in-view to disable this warning
2024-11-24 22:57:07.820  INFO 3036 --- [main] o.s.s.web.DefaultSecurityFilterChain     : Creating filter chain: any request, [org.springframework.security.web.context.request.async.WebAsyncManagerIntegrationFilter@6655f3cd, org.springframework.security.web.context.SecurityContextPersistenceFilter@2ef1fc8a, org.springframework.security.web.header.HeaderWriterFilter@53dbe7b2, org.springframework.web.filter.CorsFilter@2484c868, org.springframework.security.web.authentication.logout.LogoutFilter@c85486, com.example.demo.security.JWTAuthenticationFilter@19d13d04, com.example.demo.security.JWTAuthenticationVerficationFilter@30d5fc1b, org.springframework.security.web.savedrequest.RequestCacheAwareFilter@221961af, org.springframework.security.web.servletapi.SecurityContextHolderAwareRequestFilter@1d1deb11, org.springframework.security.web.authentication.AnonymousAuthenticationFilter@7957aa57, org.springframework.security.web.session.SessionManagementFilter@53551fef, org.springframework.security.web.access.ExceptionTranslationFilter@50b4e7b2, org.springframework.security.web.access.intercept.FilterSecurityInterceptor@7615666e]
2024-11-24 22:57:09.418  INFO 3036 --- [main] o.s.s.concurrent.ThreadPoolTaskExecutor  : Initializing ExecutorService 'applicationTaskExecutor'
2024-11-24 22:57:10.611  INFO 3036 --- [main] o.s.b.t.m.w.SpringBootMockServletContext : Initializing Spring TestDispatcherServlet ''
2024-11-24 22:57:10.612  INFO 3036 --- [main] o.s.t.web.servlet.TestDispatcherServlet  : Initializing Servlet ''
2024-11-24 22:57:10.648  INFO 3036 --- [main] o.s.t.web.servlet.TestDispatcherServlet  : Completed initialization in 36 ms
2024-11-24 22:57:10.720  INFO 3036 --- [main] c.e.d.controllers.OrderControllerTest    : Started OrderControllerTest in 20.493 seconds (JVM running for 22.977)
2024-11-24 22:57:10.871  INFO 3036 --- [main] c.e.demo.controllers.OrderController     : SUBMIT ORDER - SUCCESS for user test
2024-11-24 22:57:11.023  INFO 3036 --- [Thread-3] o.s.s.concurrent.ThreadPoolTaskExecutor  : Shutting down ExecutorService 'applicationTaskExecutor'
2024-11-24 22:57:11.027  INFO 3036 --- [Thread-3] j.LocalContainerEntityManagerFactoryBean : Closing JPA EntityManagerFactory for persistence unit 'default'
2024-11-24 22:57:11.030  INFO 3036 --- [Thread-3] com.zaxxer.hikari.HikariDataSource       : HikariPool-1 - Shutdown initiated...
2024-11-24 22:57:11.198  INFO 3036 --- [Thread-3] com.zaxxer.hikari.HikariDataSource       : HikariPool-1 - Shutdown completed.
2024-11-24 22:58:28.979  INFO 15832 --- [main] c.e.d.controllers.OrderControllerTest    : Starting OrderControllerTest on DESKTOP-BRVK5JF with PID 15832 (started by ThanhSang in E:\Udacity\Java Web Developer\Security & Devops\nd035-c4-Security-and-DevOps\starter_code)
2024-11-24 22:58:28.986  INFO 15832 --- [main] c.e.d.controllers.OrderControllerTest    : No active profile set, falling back to default profiles: default
2024-11-24 22:58:31.639  INFO 15832 --- [main] .s.d.r.c.RepositoryConfigurationDelegate : Bootstrapping Spring Data repositories in DEFAULT mode.
2024-11-24 22:58:31.894  INFO 15832 --- [main] .s.d.r.c.RepositoryConfigurationDelegate : Finished Spring Data repository scanning in 227ms. Found 4 repository interfaces.
2024-11-24 22:58:35.820  INFO 15832 --- [main] trationDelegate$BeanPostProcessorChecker : Bean 'org.springframework.transaction.annotation.ProxyTransactionManagementConfiguration' of type [org.springframework.transaction.annotation.ProxyTransactionManagementConfiguration$$EnhancerBySpringCGLIB$$50741e61] is not eligible for getting processed by all BeanPostProcessors (for example: not eligible for auto-proxying)
2024-11-24 22:58:36.544  INFO 15832 --- [main] com.zaxxer.hikari.HikariDataSource       : HikariPool-1 - Starting...
2024-11-24 22:58:37.034  INFO 15832 --- [main] com.zaxxer.hikari.HikariDataSource       : HikariPool-1 - Start completed.
2024-11-24 22:58:37.253  INFO 15832 --- [main] o.hibernate.jpa.internal.util.LogHelper  : HHH000204: Processing PersistenceUnitInfo [
	name: default
	...]
2024-11-24 22:58:37.483  INFO 15832 --- [main] org.hibernate.Version                    : HHH000412: Hibernate Core {5.3.10.Final}
2024-11-24 22:58:37.487  INFO 15832 --- [main] org.hibernate.cfg.Environment            : HHH000206: hibernate.properties not found
2024-11-24 22:58:37.665  INFO 15832 --- [main] o.hibernate.annotations.common.Version   : HCANN000001: Hibernate Commons Annotations {5.0.4.Final}
2024-11-24 22:58:38.238  INFO 15832 --- [main] org.hibernate.dialect.Dialect            : HHH000400: Using dialect: org.hibernate.dialect.H2Dialect
2024-11-24 22:58:39.940  INFO 15832 --- [main] j.LocalContainerEntityManagerFactoryBean : Initialized JPA EntityManagerFactory for persistence unit 'default'
2024-11-24 22:58:43.161  WARN 15832 --- [main] aWebConfiguration$JpaWebMvcConfiguration : spring.jpa.open-in-view is enabled by default. Therefore, database queries may be performed during view rendering. Explicitly configure spring.jpa.open-in-view to disable this warning
2024-11-24 22:58:44.011  INFO 15832 --- [main] o.s.s.web.DefaultSecurityFilterChain     : Creating filter chain: any request, [org.springframework.security.web.context.request.async.WebAsyncManagerIntegrationFilter@7b92ea9d, org.springframework.security.web.context.SecurityContextPersistenceFilter@221961af, org.springframework.security.web.header.HeaderWriterFilter@7d5d77a6, org.springframework.web.filter.CorsFilter@6b3bc1f6, org.springframework.security.web.authentication.logout.LogoutFilter@25d23478, com.example.demo.security.JWTAuthenticationFilter@7491cdae, com.example.demo.security.JWTAuthenticationVerficationFilter@3050d479, org.springframework.security.web.savedrequest.RequestCacheAwareFilter@77d58f3a, org.springframework.security.web.servletapi.SecurityContextHolderAwareRequestFilter@7c45191e, org.springframework.security.web.authentication.AnonymousAuthenticationFilter@5c7a06ec, org.springframework.security.web.session.SessionManagementFilter@55202ba6, org.springframework.security.web.access.ExceptionTranslationFilter@6a0ee80, org.springframework.security.web.access.intercept.FilterSecurityInterceptor@2db6ba81]
2024-11-24 22:58:46.446  INFO 15832 --- [main] o.s.s.concurrent.ThreadPoolTaskExecutor  : Initializing ExecutorService 'applicationTaskExecutor'
2024-11-24 22:58:48.088  INFO 15832 --- [main] o.s.b.t.m.w.SpringBootMockServletContext : Initializing Spring TestDispatcherServlet ''
2024-11-24 22:58:48.088  INFO 15832 --- [main] o.s.t.web.servlet.TestDispatcherServlet  : Initializing Servlet ''
2024-11-24 22:58:48.123  INFO 15832 --- [main] o.s.t.web.servlet.TestDispatcherServlet  : Completed initialization in 34 ms
2024-11-24 22:58:48.280  INFO 15832 --- [main] c.e.d.controllers.OrderControllerTest    : Started OrderControllerTest in 20.544 seconds (JVM running for 23.708)
2024-11-24 22:58:48.562  INFO 15832 --- [main] c.e.demo.controllers.OrderController     : SUBMIT ORDER - SUCCESS for user test
2024-11-24 22:58:49.001  INFO 15832 --- [Thread-3] o.s.s.concurrent.ThreadPoolTaskExecutor  : Shutting down ExecutorService 'applicationTaskExecutor'
2024-11-24 22:58:49.005  INFO 15832 --- [Thread-3] j.LocalContainerEntityManagerFactoryBean : Closing JPA EntityManagerFactory for persistence unit 'default'
2024-11-24 22:58:49.008  INFO 15832 --- [Thread-3] com.zaxxer.hikari.HikariDataSource       : HikariPool-1 - Shutdown initiated...
2024-11-24 22:58:49.139  INFO 15832 --- [Thread-3] com.zaxxer.hikari.HikariDataSource       : HikariPool-1 - Shutdown completed.
2024-11-24 22:59:09.541  INFO 828 --- [main] c.e.d.controllers.OrderControllerTest    : Starting OrderControllerTest on DESKTOP-BRVK5JF with PID 828 (started by ThanhSang in E:\Udacity\Java Web Developer\Security & Devops\nd035-c4-Security-and-DevOps\starter_code)
2024-11-24 22:59:09.547  INFO 828 --- [main] c.e.d.controllers.OrderControllerTest    : No active profile set, falling back to default profiles: default
2024-11-24 22:59:11.254  INFO 828 --- [main] .s.d.r.c.RepositoryConfigurationDelegate : Bootstrapping Spring Data repositories in DEFAULT mode.
2024-11-24 22:59:11.597  INFO 828 --- [main] .s.d.r.c.RepositoryConfigurationDelegate : Finished Spring Data repository scanning in 294ms. Found 4 repository interfaces.
2024-11-24 22:59:16.295  INFO 828 --- [main] trationDelegate$BeanPostProcessorChecker : Bean 'org.springframework.transaction.annotation.ProxyTransactionManagementConfiguration' of type [org.springframework.transaction.annotation.ProxyTransactionManagementConfiguration$$EnhancerBySpringCGLIB$$21cf8a8c] is not eligible for getting processed by all BeanPostProcessors (for example: not eligible for auto-proxying)
2024-11-24 22:59:17.302  INFO 828 --- [main] com.zaxxer.hikari.HikariDataSource       : HikariPool-1 - Starting...
2024-11-24 22:59:18.041  INFO 828 --- [main] com.zaxxer.hikari.HikariDataSource       : HikariPool-1 - Start completed.
2024-11-24 22:59:18.413  INFO 828 --- [main] o.hibernate.jpa.internal.util.LogHelper  : HHH000204: Processing PersistenceUnitInfo [
	name: default
	...]
2024-11-24 22:59:18.663  INFO 828 --- [main] org.hibernate.Version                    : HHH000412: Hibernate Core {5.3.10.Final}
2024-11-24 22:59:18.667  INFO 828 --- [main] org.hibernate.cfg.Environment            : HHH000206: hibernate.properties not found
2024-11-24 22:59:18.900  INFO 828 --- [main] o.hibernate.annotations.common.Version   : HCANN000001: Hibernate Commons Annotations {5.0.4.Final}
2024-11-24 22:59:19.816  INFO 828 --- [main] org.hibernate.dialect.Dialect            : HHH000400: Using dialect: org.hibernate.dialect.H2Dialect
2024-11-24 22:59:21.487  INFO 828 --- [main] j.LocalContainerEntityManagerFactoryBean : Initialized JPA EntityManagerFactory for persistence unit 'default'
2024-11-24 22:59:24.095  WARN 828 --- [main] aWebConfiguration$JpaWebMvcConfiguration : spring.jpa.open-in-view is enabled by default. Therefore, database queries may be performed during view rendering. Explicitly configure spring.jpa.open-in-view to disable this warning
2024-11-24 22:59:24.496  INFO 828 --- [main] o.s.s.web.DefaultSecurityFilterChain     : Creating filter chain: any request, [org.springframework.security.web.context.request.async.WebAsyncManagerIntegrationFilter@19d13d04, org.springframework.security.web.context.SecurityContextPersistenceFilter@76b019c4, org.springframework.security.web.header.HeaderWriterFilter@53551fef, org.springframework.web.filter.CorsFilter@30d5fc1b, org.springframework.security.web.authentication.logout.LogoutFilter@23e0c200, com.example.demo.security.JWTAuthenticationFilter@7957aa57, com.example.demo.security.JWTAuthenticationVerficationFilter@7b92ea9d, org.springframework.security.web.savedrequest.RequestCacheAwareFilter@1ddc8fc, org.springframework.security.web.servletapi.SecurityContextHolderAwareRequestFilter@5f4f6f89, org.springframework.security.web.authentication.AnonymousAuthenticationFilter@6b3bc1f6, org.springframework.security.web.session.SessionManagementFilter@71b7e9c8, org.springframework.security.web.access.ExceptionTranslationFilter@5274830e, org.springframework.security.web.access.intercept.FilterSecurityInterceptor@32b1e906]
2024-11-24 22:59:25.711  INFO 828 --- [main] o.s.s.concurrent.ThreadPoolTaskExecutor  : Initializing ExecutorService 'applicationTaskExecutor'
2024-11-24 22:59:26.896  INFO 828 --- [main] o.s.b.t.m.w.SpringBootMockServletContext : Initializing Spring TestDispatcherServlet ''
2024-11-24 22:59:26.897  INFO 828 --- [main] o.s.t.web.servlet.TestDispatcherServlet  : Initializing Servlet ''
2024-11-24 22:59:26.939  INFO 828 --- [main] o.s.t.web.servlet.TestDispatcherServlet  : Completed initialization in 42 ms
2024-11-24 22:59:27.039  INFO 828 --- [main] c.e.d.controllers.OrderControllerTest    : Started OrderControllerTest in 18.434 seconds (JVM running for 20.82)
2024-11-24 22:59:27.621  INFO 828 --- [Thread-3] o.s.s.concurrent.ThreadPoolTaskExecutor  : Shutting down ExecutorService 'applicationTaskExecutor'
2024-11-24 22:59:27.622  INFO 828 --- [Thread-3] j.LocalContainerEntityManagerFactoryBean : Closing JPA EntityManagerFactory for persistence unit 'default'
2024-11-24 22:59:27.630  INFO 828 --- [Thread-3] com.zaxxer.hikari.HikariDataSource       : HikariPool-1 - Shutdown initiated...
2024-11-24 22:59:27.802  INFO 828 --- [Thread-3] com.zaxxer.hikari.HikariDataSource       : HikariPool-1 - Shutdown completed.
2024-11-25 00:37:17.849  INFO 16340 --- [main] c.e.demo.controllers.UserControllerTest  : Starting UserControllerTest on DESKTOP-BRVK5JF with PID 16340 (started by ThanhSang in E:\Udacity\Java Web Developer\Security & Devops\nd035-c4-Security-and-DevOps\starter_code)
2024-11-25 00:37:17.975  INFO 16340 --- [main] c.e.demo.controllers.UserControllerTest  : No active profile set, falling back to default profiles: default
2024-11-25 00:37:20.854  INFO 16340 --- [main] .s.d.r.c.RepositoryConfigurationDelegate : Bootstrapping Spring Data repositories in DEFAULT mode.
2024-11-25 00:37:21.081  INFO 16340 --- [main] .s.d.r.c.RepositoryConfigurationDelegate : Finished Spring Data repository scanning in 197ms. Found 4 repository interfaces.
2024-11-25 00:37:25.134  INFO 16340 --- [main] trationDelegate$BeanPostProcessorChecker : Bean 'org.springframework.transaction.annotation.ProxyTransactionManagementConfiguration' of type [org.springframework.transaction.annotation.ProxyTransactionManagementConfiguration$$EnhancerBySpringCGLIB$$5a8bfcec] is not eligible for getting processed by all BeanPostProcessors (for example: not eligible for auto-proxying)
2024-11-25 00:37:26.113  INFO 16340 --- [main] com.zaxxer.hikari.HikariDataSource       : HikariPool-1 - Starting...
2024-11-25 00:37:26.822  INFO 16340 --- [main] com.zaxxer.hikari.HikariDataSource       : HikariPool-1 - Start completed.
2024-11-25 00:37:27.253  INFO 16340 --- [main] o.hibernate.jpa.internal.util.LogHelper  : HHH000204: Processing PersistenceUnitInfo [
	name: default
	...]
2024-11-25 00:37:27.544  INFO 16340 --- [main] org.hibernate.Version                    : HHH000412: Hibernate Core {5.3.10.Final}
2024-11-25 00:37:27.548  INFO 16340 --- [main] org.hibernate.cfg.Environment            : HHH000206: hibernate.properties not found
2024-11-25 00:37:27.733  INFO 16340 --- [main] o.hibernate.annotations.common.Version   : HCANN000001: Hibernate Commons Annotations {5.0.4.Final}
2024-11-25 00:37:28.543  INFO 16340 --- [main] org.hibernate.dialect.Dialect            : HHH000400: Using dialect: org.hibernate.dialect.H2Dialect
2024-11-25 00:37:30.519  INFO 16340 --- [main] j.LocalContainerEntityManagerFactoryBean : Initialized JPA EntityManagerFactory for persistence unit 'default'
2024-11-25 00:37:33.202  WARN 16340 --- [main] aWebConfiguration$JpaWebMvcConfiguration : spring.jpa.open-in-view is enabled by default. Therefore, database queries may be performed during view rendering. Explicitly configure spring.jpa.open-in-view to disable this warning
2024-11-25 00:37:33.644  INFO 16340 --- [main] o.s.s.web.DefaultSecurityFilterChain     : Creating filter chain: any request, [org.springframework.security.web.context.request.async.WebAsyncManagerIntegrationFilter@1e4d93f7, org.springframework.security.web.context.SecurityContextPersistenceFilter@60fe75f7, org.springframework.security.web.header.HeaderWriterFilter@451a4187, org.springframework.web.filter.CorsFilter@3d1b43d8, org.springframework.security.web.authentication.logout.LogoutFilter@6787bd41, com.example.demo.security.JWTAuthenticationFilter@9f52eb7, com.example.demo.security.JWTAuthenticationVerficationFilter@46c2189e, org.springframework.security.web.savedrequest.RequestCacheAwareFilter@176e839e, org.springframework.security.web.servletapi.SecurityContextHolderAwareRequestFilter@399fd710, org.springframework.security.web.authentication.AnonymousAuthenticationFilter@3462e99a, org.springframework.security.web.session.SessionManagementFilter@5c215642, org.springframework.security.web.access.ExceptionTranslationFilter@6765b6a2, org.springframework.security.web.access.intercept.FilterSecurityInterceptor@7f9e6167]
2024-11-25 00:37:35.069  INFO 16340 --- [main] o.s.s.concurrent.ThreadPoolTaskExecutor  : Initializing ExecutorService 'applicationTaskExecutor'
2024-11-25 00:37:36.126  INFO 16340 --- [main] o.s.b.t.m.w.SpringBootMockServletContext : Initializing Spring TestDispatcherServlet ''
2024-11-25 00:37:36.126  INFO 16340 --- [main] o.s.t.web.servlet.TestDispatcherServlet  : Initializing Servlet ''
2024-11-25 00:37:36.158  INFO 16340 --- [main] o.s.t.web.servlet.TestDispatcherServlet  : Completed initialization in 32 ms
2024-11-25 00:37:36.221  INFO 16340 --- [main] c.e.demo.controllers.UserControllerTest  : Started UserControllerTest in 19.419 seconds (JVM running for 22.269)
2024-11-25 00:37:36.367  INFO 16340 --- [main] c.e.demo.controllers.UserController      : CREATE USER - SUCCESS for user : test
2024-11-25 00:37:36.512  INFO 16340 --- [Thread-3] o.s.s.concurrent.ThreadPoolTaskExecutor  : Shutting down ExecutorService 'applicationTaskExecutor'
2024-11-25 00:37:36.532  INFO 16340 --- [Thread-3] j.LocalContainerEntityManagerFactoryBean : Closing JPA EntityManagerFactory for persistence unit 'default'
2024-11-25 00:37:36.537  INFO 16340 --- [Thread-3] com.zaxxer.hikari.HikariDataSource       : HikariPool-1 - Shutdown initiated...
2024-11-25 00:37:36.583  INFO 16340 --- [Thread-3] com.zaxxer.hikari.HikariDataSource       : HikariPool-1 - Shutdown completed.
